<?xml version="1.0" encoding="UTF-8"?>
<testsuite xmlns:xsi="http://www.w3.org/2001/XMLSchema-instance" xsi:noNamespaceSchemaLocation="https://maven.apache.org/surefire/maven-surefire-plugin/xsd/surefire-test-report.xsd" name="ua.kpi.tef.ti71.lab2.Reflection.ReflectionUtilsTest" time="0.004" tests="3" errors="0" skipped="1" failures="0">
  <properties>
[...]
</properties>
  <testcase name="getAllFields" classname="ua.kpi.tef.ti71.lab2.Reflection.ReflectionUtilsTest" time="0"/>
  <testcase name="getProxy" classname="ua.kpi.tef.ti71.lab2.Reflection.ReflectionUtilsTest" time="0.004"/>
  <testcase name="getAllMethods" classname="ua.kpi.tef.ti71.lab2.Reflection.ReflectionUtilsTest" time="0">
    <skipped message="public void ua.kpi.tef.ti71.lab2.Reflection.ReflectionUtilsTest.getAllMethods() is @Disabled"/>
  </testcase>
</testsuite>